<?xml version="1.0" encoding="UTF-8"?>
<testsuite xmlns:xsi="http://www.w3.org/2001/XMLSchema-instance" xsi:noNamespaceSchemaLocation="https://maven.apache.org/surefire/maven-surefire-plugin/xsd/surefire-test-report.xsd" version="3.0.2" name="TestSuite" time="86.087" tests="2" errors="0" skipped="0" failures="0">
  <properties>
[...]
</properties>
  <testcase name="account_registration" classname="testCases.TC_001" time="5.264">
    <system-out><![CDATA[11:56:52.246 [main] INFO  testCases.TC_001 - *********** Starting TC_001 test ***************
11:56:53.055 [main] INFO  testCases.TC_001 - Clicked on My Account
11:56:53.877 [main] INFO  testCases.TC_001 - Clicked on Register
11:56:53.883 [main] INFO  testCases.TC_001 - Providing Customer Details.....
11:56:56.756 [main] INFO  testCases.TC_001 - Validating expected Message......
11:56:57.012 [main] INFO  testCases.TC_001 - ********* Finished TC_001 Test ***********
]]></system-out>
    <system-err><![CDATA[Sep 02, 2024 11:56:46 AM org.openqa.selenium.devtools.CdpVersionFinder findNearestMatch
WARNING: Unable to find an exact match for CDP version 128, returning the closest version; found: 127; Please update to a Selenium version that supports CDP version 128
]]></system-err>
  </testcase>
  <testcase name="verify_login" classname="testCases.TC_002_Login_Test" time="2.56">
    <system-out><![CDATA[11:57:10.711 [main] INFO  testCases.TC_002_Login_Test - ******* Starting TC_002_login_Test ********
11:57:13.267 [main] INFO  testCases.TC_002_Login_Test - ******* Finished TC_002_login_Test ********
]]></system-out>
    <system-err><![CDATA[Sep 02, 2024 11:57:04 AM org.openqa.selenium.devtools.CdpVersionFinder findNearestMatch
WARNING: Unable to find an exact match for CDP version 128, returning the closest version; found: 127; Please update to a Selenium version that supports CDP version 128
]]></system-err>
  </testcase>
</testsuite>