<?xml version="1.0" encoding="UTF-8"?>
<testng-results ignored="0" total="2" passed="2" failed="0" skipped="0">
  <reporter-output>
  </reporter-output>
  <suite started-at="2024-09-02T11:56:08 IST" name="Suite" finished-at="2024-09-02T11:57:13 IST" duration-ms="65355">
    <groups>
      <group name="Master">
        <method signature="TC_001.account_registration()[pri:0, instance:testCases.TC_001@3e8f7922]" name="account_registration" class="testCases.TC_001"/>
        <method signature="TC_002_Login_Test.verify_login()[pri:0, instance:testCases.TC_002_Login_Test@58e6d4b8]" name="verify_login" class="testCases.TC_002_Login_Test"/>
      </group> <!-- Master -->
      <group name="Sanity">
        <method signature="TC_002_Login_Test.verify_login()[pri:0, instance:testCases.TC_002_Login_Test@58e6d4b8]" name="verify_login" class="testCases.TC_002_Login_Test"/>
      </group> <!-- Sanity -->
      <group name="Regression">
        <method signature="TC_001.account_registration()[pri:0, instance:testCases.TC_001@3e8f7922]" name="account_registration" class="testCases.TC_001"/>
      </group> <!-- Regression -->
    </groups>
    <test started-at="2024-09-02T11:56:08 IST" name="Test" finished-at="2024-09-02T11:57:13 IST" duration-ms="65355">
      <class name="testCases.TC_002_Login_Test">
        <test-method is-config="true" signature="setup(java.lang.String,java.lang.String)[pri:0, instance:testCases.TC_002_Login_Test@58e6d4b8]" started-at="2024-09-02T11:57:00 IST" name="setup" finished-at="2024-09-02T11:57:10 IST" duration-ms="9748" status="PASS">
          <params>
            <param index="0">
              <value>
                <![CDATA[Windows]]>
              </value>
            </param>
            <param index="1">
              <value>
                <![CDATA[chrome]]>
              </value>
            </param>
          </params>
          <reporter-output>
          </reporter-output>
        </test-method> <!-- setup -->
        <test-method signature="verify_login()[pri:0, instance:testCases.TC_002_Login_Test@58e6d4b8]" started-at="2024-09-02T11:57:10 IST" name="verify_login" finished-at="2024-09-02T11:57:13 IST" duration-ms="2558" status="PASS">
          <reporter-output>
          </reporter-output>
        </test-method> <!-- verify_login -->
        <test-method is-config="true" signature="tearDown()[pri:0, instance:testCases.TC_002_Login_Test@58e6d4b8]" started-at="2024-09-02T11:57:13 IST" name="tearDown" finished-at="2024-09-02T11:57:13 IST" duration-ms="725" status="PASS">
          <reporter-output>
          </reporter-output>
        </test-method> <!-- tearDown -->
      </class> <!-- testCases.TC_002_Login_Test -->
      <class name="testCases.TC_001">
        <test-method is-config="true" signature="setup(java.lang.String,java.lang.String)[pri:0, instance:testCases.TC_001@3e8f7922]" started-at="2024-09-02T11:56:10 IST" name="setup" finished-at="2024-09-02T11:56:52 IST" duration-ms="42016" status="PASS">
          <params>
            <param index="0">
              <value>
                <![CDATA[Windows]]>
              </value>
            </param>
            <param index="1">
              <value>
                <![CDATA[chrome]]>
              </value>
            </param>
          </params>
          <reporter-output>
          </reporter-output>
        </test-method> <!-- setup -->
        <test-method signature="account_registration()[pri:0, instance:testCases.TC_001@3e8f7922]" started-at="2024-09-02T11:56:52 IST" name="account_registration" finished-at="2024-09-02T11:56:57 IST" duration-ms="4913" status="PASS">
          <reporter-output>
          </reporter-output>
        </test-method> <!-- account_registration -->
        <test-method is-config="true" signature="tearDown()[pri:0, instance:testCases.TC_001@3e8f7922]" started-at="2024-09-02T11:56:57 IST" name="tearDown" finished-at="2024-09-02T11:57:00 IST" duration-ms="3588" status="PASS">
          <reporter-output>
          </reporter-output>
        </test-method> <!-- tearDown -->
      </class> <!-- testCases.TC_001 -->
    </test> <!-- Test -->
  </suite> <!-- Suite -->
</testng-results>
