<?xml version="1.0" encoding="UTF-8"?>
<testng-results ignored="0" total="2" passed="2" failed="0" skipped="0">
  <reporter-output>
  </reporter-output>
  <suite started-at="2024-09-02T09:32:55 IST" name="Suite" finished-at="2024-09-02T09:34:08 IST" duration-ms="72358">
    <groups>
      <group name="Master">
        <method signature="TC_001.account_registration()[pri:0, instance:testCases.TC_001@246f8b8b]" name="account_registration" class="testCases.TC_001"/>
        <method signature="TC_002_Login_Test.verify_login()[pri:0, instance:testCases.TC_002_Login_Test@3381b4fc]" name="verify_login" class="testCases.TC_002_Login_Test"/>
      </group> <!-- Master -->
      <group name="Sanity">
        <method signature="TC_002_Login_Test.verify_login()[pri:0, instance:testCases.TC_002_Login_Test@3381b4fc]" name="verify_login" class="testCases.TC_002_Login_Test"/>
      </group> <!-- Sanity -->
      <group name="Regression">
        <method signature="TC_001.account_registration()[pri:0, instance:testCases.TC_001@246f8b8b]" name="account_registration" class="testCases.TC_001"/>
      </group> <!-- Regression -->
    </groups>
    <test started-at="2024-09-02T09:32:55 IST" name="Linux-Chrome" finished-at="2024-09-02T09:34:08 IST" duration-ms="72358">
      <class name="testCases.TC_002_Login_Test">
        <test-method is-config="true" signature="setup(java.lang.String,java.lang.String)[pri:0, instance:testCases.TC_002_Login_Test@3381b4fc]" started-at="2024-09-02T09:33:47 IST" name="setup" finished-at="2024-09-02T09:34:03 IST" duration-ms="16105" status="PASS">
          <params>
            <param index="0">
              <value>
                <![CDATA[Linux]]>
              </value>
            </param>
            <param index="1">
              <value>
                <![CDATA[chrome]]>
              </value>
            </param>
          </params>
          <reporter-output>
          </reporter-output>
        </test-method> <!-- setup -->
        <test-method signature="verify_login()[pri:0, instance:testCases.TC_002_Login_Test@3381b4fc]" started-at="2024-09-02T09:34:03 IST" name="verify_login" finished-at="2024-09-02T09:34:05 IST" duration-ms="2246" status="PASS">
          <reporter-output>
          </reporter-output>
        </test-method> <!-- verify_login -->
        <test-method is-config="true" signature="tearDown()[pri:0, instance:testCases.TC_002_Login_Test@3381b4fc]" started-at="2024-09-02T09:34:05 IST" name="tearDown" finished-at="2024-09-02T09:34:08 IST" duration-ms="2631" status="PASS">
          <reporter-output>
          </reporter-output>
        </test-method> <!-- tearDown -->
      </class> <!-- testCases.TC_002_Login_Test -->
      <class name="testCases.TC_001">
        <test-method is-config="true" signature="setup(java.lang.String,java.lang.String)[pri:0, instance:testCases.TC_001@246f8b8b]" started-at="2024-09-02T09:33:01 IST" name="setup" finished-at="2024-09-02T09:33:39 IST" duration-ms="38588" status="PASS">
          <params>
            <param index="0">
              <value>
                <![CDATA[Linux]]>
              </value>
            </param>
            <param index="1">
              <value>
                <![CDATA[chrome]]>
              </value>
            </param>
          </params>
          <reporter-output>
          </reporter-output>
        </test-method> <!-- setup -->
        <test-method signature="account_registration()[pri:0, instance:testCases.TC_001@246f8b8b]" started-at="2024-09-02T09:33:39 IST" name="account_registration" finished-at="2024-09-02T09:33:46 IST" duration-ms="6395" status="PASS">
          <reporter-output>
          </reporter-output>
        </test-method> <!-- account_registration -->
        <test-method is-config="true" signature="tearDown()[pri:0, instance:testCases.TC_001@246f8b8b]" started-at="2024-09-02T09:33:46 IST" name="tearDown" finished-at="2024-09-02T09:33:47 IST" duration-ms="1042" status="PASS">
          <reporter-output>
          </reporter-output>
        </test-method> <!-- tearDown -->
      </class> <!-- testCases.TC_001 -->
    </test> <!-- Linux-Chrome -->
  </suite> <!-- Suite -->
</testng-results>
